1747434201: mosquitto version 2.0.21 starting
1747434201: Config loaded from /config/mosquitto.conf.
1747434201: Error: Unable to open pwfile "passwd".
1747434201: Error opening password file "passwd".
1747434203: mosquitto version 2.0.21 starting
1747434203: Config loaded from /config/mosquitto.conf.
1747434203: Error: Unable to open pwfile "passwd".
1747434203: Error opening password file "passwd".
1747434204: mosquitto version 2.0.21 starting
1747434204: Config loaded from /config/mosquitto.conf.
1747434204: Error: Unable to open pwfile "passwd".
1747434204: Error opening password file "passwd".
1747434206: mosquitto version 2.0.21 starting
1747434206: Config loaded from /config/mosquitto.conf.
1747434206: Error: Unable to open pwfile "passwd".
1747434206: Error opening password file "passwd".
1747434207: mosquitto version 2.0.21 starting
1747434207: Config loaded from /config/mosquitto.conf.
1747434207: Error: Unable to open pwfile "passwd".
1747434207: Error opening password file "passwd".
1747434210: mosquitto version 2.0.21 starting
1747434210: Config loaded from /config/mosquitto.conf.
1747434210: Error: Unable to open pwfile "passwd".
1747434210: Error opening password file "passwd".
1747434213: mosquitto version 2.0.21 starting
1747434213: Config loaded from /config/mosquitto.conf.
1747434213: Error: Unable to open pwfile "passwd".
1747434213: Error opening password file "passwd".
1747434222: mosquitto version 2.0.21 starting
1747434222: Config loaded from /config/mosquitto.conf.
1747434222: Error: Unable to open pwfile "passwd".
1747434222: Error opening password file "passwd".
1747434230: mosquitto version 2.0.21 starting
1747434230: Config loaded from /config/mosquitto.conf.
1747434230: Error: Unable to open pwfile "passwd".
1747434230: Error opening password file "passwd".
1747434232: mosquitto version 2.0.21 starting
1747434232: Config loaded from /config/mosquitto.conf.
1747434232: Error: Unable to open pwfile "passwd".
1747434232: Error opening password file "passwd".
1747434233: mosquitto version 2.0.21 starting
1747434233: Config loaded from /config/mosquitto.conf.
1747434233: Error: Unable to open pwfile "passwd".
1747434233: Error opening password file "passwd".
1747434235: mosquitto version 2.0.21 starting
1747434235: Config loaded from /config/mosquitto.conf.
1747434235: Error: Unable to open pwfile "passwd".
1747434235: Error opening password file "passwd".
1747434237: mosquitto version 2.0.21 starting
1747434237: Config loaded from /config/mosquitto.conf.
1747434237: Error: Unable to open pwfile "passwd".
1747434237: Error opening password file "passwd".
1747434239: mosquitto version 2.0.21 starting
1747434239: Config loaded from /config/mosquitto.conf.
1747434239: Error: Unable to open pwfile "passwd".
1747434239: Error opening password file "passwd".
1747434243: mosquitto version 2.0.21 starting
1747434243: Config loaded from /config/mosquitto.conf.
1747434243: Error: Unable to open pwfile "passwd".
1747434243: Error opening password file "passwd".
1747434249: mosquitto version 2.0.21 starting
1747434249: Config loaded from /config/mosquitto.conf.
1747434249: Error: Unable to open pwfile "passwd".
1747434249: Error opening password file "passwd".
1747434264: mosquitto version 2.0.21 starting
1747434264: Config loaded from /config/mosquitto.conf.
1747434264: Error: Unable to open pwfile "passwd".
1747434264: Error opening password file "passwd".
1747434291: mosquitto version 2.0.21 starting
1747434291: Config loaded from /config/mosquitto.conf.
1747434291: Error: Unable to open pwfile "passwd".
1747434291: Error opening password file "passwd".
1747434303: mosquitto version 2.0.21 starting
1747434303: Config loaded from /config/mosquitto.conf.
1747434303: Error: Unable to open pwfile "passwd".
1747434303: Error opening password file "passwd".
1747434304: mosquitto version 2.0.21 starting
1747434304: Config loaded from /config/mosquitto.conf.
1747434304: Error: Unable to open pwfile "passwd".
1747434304: Error opening password file "passwd".
1747434312: mosquitto version 2.0.21 starting
1747434312: Config loaded from /config/mosquitto.conf.
1747434312: Error: Unable to open pwfile "passwd".
1747434312: Error opening password file "passwd".
1747434314: mosquitto version 2.0.21 starting
1747434314: Config loaded from /config/mosquitto.conf.
1747434314: Error: Unable to open pwfile "passwd".
1747434314: Error opening password file "passwd".
1747434316: mosquitto version 2.0.21 starting
1747434316: Config loaded from /config/mosquitto.conf.
1747434316: Error: Unable to open pwfile "passwd".
1747434316: Error opening password file "passwd".
1747434319: mosquitto version 2.0.21 starting
1747434319: Config loaded from /config/mosquitto.conf.
1747434319: Error: Unable to open pwfile "passwd".
1747434319: Error opening password file "passwd".
1747434323: mosquitto version 2.0.21 starting
1747434323: Config loaded from /config/mosquitto.conf.
1747434323: Error: Unable to open pwfile "passwd".
1747434323: Error opening password file "passwd".
1747434330: mosquitto version 2.0.21 starting
1747434330: Config loaded from /config/mosquitto.conf.
1747434330: Error: Unable to open pwfile "passwd".
1747434330: Error opening password file "passwd".
1747434343: mosquitto version 2.0.21 starting
1747434343: Config loaded from /config/mosquitto.conf.
1747434343: Error: Unable to open pwfile "passwd".
1747434343: Error opening password file "passwd".
1747434370: mosquitto version 2.0.21 starting
1747434370: Config loaded from /config/mosquitto.conf.
1747434370: Error: Unable to open pwfile "passwd".
1747434370: Error opening password file "passwd".
1747434431: mosquitto version 2.0.21 starting
1747434431: Config loaded from /config/mosquitto.conf.
1747434431: Error: Unable to open pwfile "passwd".
1747434431: Error opening password file "passwd".
1747434433: mosquitto version 2.0.21 starting
1747434433: Config loaded from /config/mosquitto.conf.
1747434433: Error: Unable to open pwfile "passwd".
1747434433: Error opening password file "passwd".
1747434434: mosquitto version 2.0.21 starting
1747434434: Config loaded from /config/mosquitto.conf.
1747434434: Error: Unable to open pwfile "passwd".
1747434434: Error opening password file "passwd".
1747434438: mosquitto version 2.0.21 starting
1747434438: Config loaded from /config/mosquitto.conf.
1747434438: Error: Unable to open pwfile "passwd".
1747434438: Error opening password file "passwd".
1747434439: mosquitto version 2.0.21 starting
1747434439: Config loaded from /config/mosquitto.conf.
1747434439: Error: Unable to open pwfile "passwd".
1747434439: Error opening password file "passwd".
1747434442: mosquitto version 2.0.21 starting
1747434442: Config loaded from /config/mosquitto.conf.
1747434442: Error: Unable to open pwfile "passwd".
1747434442: Error opening password file "passwd".
1747434446: mosquitto version 2.0.21 starting
1747434446: Config loaded from /config/mosquitto.conf.
1747434446: Error: Unable to open pwfile "passwd".
1747434446: Error opening password file "passwd".
1747434453: mosquitto version 2.0.21 starting
1747434453: Config loaded from /config/mosquitto.conf.
1747434453: Error: Unable to open pwfile "passwd".
1747434453: Error opening password file "passwd".
1747434474: mosquitto version 2.0.21 starting
1747434474: Config loaded from /config/mosquitto.conf.
1747434474: Error: Unable to open pwfile "passwd".
1747434474: Error opening password file "passwd".
1747434476: mosquitto version 2.0.21 starting
1747434476: Config loaded from /config/mosquitto.conf.
1747434476: Error: Unable to open pwfile "passwd".
1747434476: Error opening password file "passwd".
1747434477: mosquitto version 2.0.21 starting
1747434477: Config loaded from /config/mosquitto.conf.
1747434477: Error: Unable to open pwfile "passwd".
1747434477: Error opening password file "passwd".
1747434479: mosquitto version 2.0.21 starting
1747434479: Config loaded from /config/mosquitto.conf.
1747434479: Error: Unable to open pwfile "passwd".
1747434479: Error opening password file "passwd".
1747434481: mosquitto version 2.0.21 starting
1747434481: Config loaded from /config/mosquitto.conf.
1747434481: Error: Unable to open pwfile "passwd".
1747434481: Error opening password file "passwd".
1747434483: mosquitto version 2.0.21 starting
1747434483: Config loaded from /config/mosquitto.conf.
1747434483: Error: Unable to open pwfile "passwd".
1747434483: Error opening password file "passwd".
1747434486: mosquitto version 2.0.21 starting
1747434486: Config loaded from /config/mosquitto.conf.
1747434486: Error: Unable to open pwfile "passwd".
1747434486: Error opening password file "passwd".
1747434493: mosquitto version 2.0.21 starting
1747434493: Config loaded from /config/mosquitto.conf.
1747434493: Error: Unable to open pwfile "passwd".
1747434493: Error opening password file "passwd".
1747434508: mosquitto version 2.0.21 starting
1747434508: Config loaded from /config/mosquitto.conf.
1747434508: Opening ipv4 listen socket on port 8883.
1747434508: Opening ipv6 listen socket on port 8883.
1747434508: Error: Unable to load CA certificates. Check cafile "ssl/ca.crt".
1747434508: OpenSSL Error[0]: error:80000002:system library::No such file or directory
1747434508: OpenSSL Error[1]: error:10000080:BIO routines::no such file
1747434508: OpenSSL Error[2]: error:05880020:x509 certificate routines::BIO lib
1747434519: mosquitto version 2.0.21 starting
1747434519: Config loaded from /config/mosquitto.conf.
1747434519: Opening ipv4 listen socket on port 8883.
1747434519: Opening ipv6 listen socket on port 8883.
1747434519: Error: Unable to load CA certificates. Check cafile "ssl/ca.crt".
1747434519: OpenSSL Error[0]: error:80000002:system library::No such file or directory
1747434519: OpenSSL Error[1]: error:10000080:BIO routines::no such file
1747434519: OpenSSL Error[2]: error:05880020:x509 certificate routines::BIO lib
1747434520: mosquitto version 2.0.21 starting
1747434520: Config loaded from /config/mosquitto.conf.
1747434520: Opening ipv4 listen socket on port 8883.
1747434520: Opening ipv6 listen socket on port 8883.
1747434520: Error: Unable to load CA certificates. Check cafile "ssl/ca.crt".
1747434520: OpenSSL Error[0]: error:80000002:system library::No such file or directory
1747434520: OpenSSL Error[1]: error:10000080:BIO routines::no such file
1747434520: OpenSSL Error[2]: error:05880020:x509 certificate routines::BIO lib
1747434522: mosquitto version 2.0.21 starting
1747434522: Config loaded from /config/mosquitto.conf.
1747434522: Opening ipv4 listen socket on port 8883.
1747434522: Opening ipv6 listen socket on port 8883.
1747434522: Error: Unable to load CA certificates. Check cafile "ssl/ca.crt".
1747434522: OpenSSL Error[0]: error:80000002:system library::No such file or directory
1747434522: OpenSSL Error[1]: error:10000080:BIO routines::no such file
1747434522: OpenSSL Error[2]: error:05880020:x509 certificate routines::BIO lib
1747434523: mosquitto version 2.0.21 starting
1747434523: Config loaded from /config/mosquitto.conf.
1747434523: Opening ipv4 listen socket on port 8883.
1747434523: Opening ipv6 listen socket on port 8883.
1747434523: Error: Unable to load CA certificates. Check cafile "ssl/ca.crt".
1747434523: OpenSSL Error[0]: error:80000002:system library::No such file or directory
1747434523: OpenSSL Error[1]: error:10000080:BIO routines::no such file
1747434523: OpenSSL Error[2]: error:05880020:x509 certificate routines::BIO lib
1747434525: mosquitto version 2.0.21 starting
1747434525: Config loaded from /config/mosquitto.conf.
1747434525: Opening ipv4 listen socket on port 8883.
1747434525: Opening ipv6 listen socket on port 8883.
1747434525: Error: Unable to load CA certificates. Check cafile "ssl/ca.crt".
1747434525: OpenSSL Error[0]: error:80000002:system library::No such file or directory
1747434525: OpenSSL Error[1]: error:10000080:BIO routines::no such file
1747434525: OpenSSL Error[2]: error:05880020:x509 certificate routines::BIO lib
1747434527: mosquitto version 2.0.21 starting
1747434527: Config loaded from /config/mosquitto.conf.
1747434527: Opening ipv4 listen socket on port 8883.
1747434527: Opening ipv6 listen socket on port 8883.
1747434527: Error: Unable to load CA certificates. Check cafile "ssl/ca.crt".
1747434527: OpenSSL Error[0]: error:80000002:system library::No such file or directory
1747434527: OpenSSL Error[1]: error:10000080:BIO routines::no such file
1747434527: OpenSSL Error[2]: error:05880020:x509 certificate routines::BIO lib
1747434531: mosquitto version 2.0.21 starting
1747434531: Config loaded from /config/mosquitto.conf.
1747434531: Opening ipv4 listen socket on port 8883.
1747434531: Opening ipv6 listen socket on port 8883.
1747434531: Error: Unable to load CA certificates. Check cafile "ssl/ca.crt".
1747434531: OpenSSL Error[0]: error:80000002:system library::No such file or directory
1747434531: OpenSSL Error[1]: error:10000080:BIO routines::no such file
1747434531: OpenSSL Error[2]: error:05880020:x509 certificate routines::BIO lib
1747434539: mosquitto version 2.0.21 starting
1747434539: Config loaded from /config/mosquitto.conf.
1747434539: Opening ipv4 listen socket on port 8883.
1747434539: Opening ipv6 listen socket on port 8883.
1747434539: Error: Unable to load CA certificates. Check cafile "ssl/ca.crt".
1747434539: OpenSSL Error[0]: error:80000002:system library::No such file or directory
1747434539: OpenSSL Error[1]: error:10000080:BIO routines::no such file
1747434539: OpenSSL Error[2]: error:05880020:x509 certificate routines::BIO lib
1747434552: mosquitto version 2.0.21 starting
1747434552: Config loaded from /config/mosquitto.conf.
1747434552: Opening ipv4 listen socket on port 8883.
1747434552: Opening ipv6 listen socket on port 8883.
1747434552: Error: Unable to load CA certificates. Check cafile "ssl/ca.crt".
1747434552: OpenSSL Error[0]: error:80000002:system library::No such file or directory
1747434552: OpenSSL Error[1]: error:10000080:BIO routines::no such file
1747434552: OpenSSL Error[2]: error:05880020:x509 certificate routines::BIO lib
1747434567: mosquitto version 2.0.21 starting
1747434567: Config loaded from /config/mosquitto.conf.
1747434567: Opening ipv4 listen socket on port 8883.
1747434567: Opening ipv6 listen socket on port 8883.
1747434567: Error: Unable to load CA certificates. Check cafile "ssl/ca.crt".
1747434567: OpenSSL Error[0]: error:80000002:system library::No such file or directory
1747434567: OpenSSL Error[1]: error:10000080:BIO routines::no such file
1747434567: OpenSSL Error[2]: error:05880020:x509 certificate routines::BIO lib
1747434568: mosquitto version 2.0.21 starting
1747434568: Config loaded from /config/mosquitto.conf.
1747434568: Opening ipv4 listen socket on port 8883.
1747434568: Opening ipv6 listen socket on port 8883.
1747434568: Error: Unable to load CA certificates. Check cafile "ssl/ca.crt".
1747434568: OpenSSL Error[0]: error:80000002:system library::No such file or directory
1747434568: OpenSSL Error[1]: error:10000080:BIO routines::no such file
1747434568: OpenSSL Error[2]: error:05880020:x509 certificate routines::BIO lib
1747434570: mosquitto version 2.0.21 starting
1747434570: Config loaded from /config/mosquitto.conf.
1747434570: Opening ipv4 listen socket on port 8883.
1747434570: Opening ipv6 listen socket on port 8883.
1747434570: Error: Unable to load CA certificates. Check cafile "ssl/ca.crt".
1747434570: OpenSSL Error[0]: error:80000002:system library::No such file or directory
1747434570: OpenSSL Error[1]: error:10000080:BIO routines::no such file
1747434570: OpenSSL Error[2]: error:05880020:x509 certificate routines::BIO lib
1747434571: mosquitto version 2.0.21 starting
1747434571: Config loaded from /config/mosquitto.conf.
1747434571: Opening ipv4 listen socket on port 8883.
1747434571: Opening ipv6 listen socket on port 8883.
1747434571: Error: Unable to load CA certificates. Check cafile "ssl/ca.crt".
1747434571: OpenSSL Error[0]: error:80000002:system library::No such file or directory
1747434571: OpenSSL Error[1]: error:10000080:BIO routines::no such file
1747434571: OpenSSL Error[2]: error:05880020:x509 certificate routines::BIO lib
1747434573: mosquitto version 2.0.21 starting
1747434573: Config loaded from /config/mosquitto.conf.
1747434573: Opening ipv4 listen socket on port 8883.
1747434573: Opening ipv6 listen socket on port 8883.
1747434573: Error: Unable to load CA certificates. Check cafile "ssl/ca.crt".
1747434573: OpenSSL Error[0]: error:80000002:system library::No such file or directory
1747434573: OpenSSL Error[1]: error:10000080:BIO routines::no such file
1747434573: OpenSSL Error[2]: error:05880020:x509 certificate routines::BIO lib
1747434575: mosquitto version 2.0.21 starting
1747434575: Config loaded from /config/mosquitto.conf.
1747434575: Opening ipv4 listen socket on port 8883.
1747434575: Opening ipv6 listen socket on port 8883.
1747434575: Error: Unable to load CA certificates. Check cafile "ssl/ca.crt".
1747434575: OpenSSL Error[0]: error:80000002:system library::No such file or directory
1747434575: OpenSSL Error[1]: error:10000080:BIO routines::no such file
1747434575: OpenSSL Error[2]: error:05880020:x509 certificate routines::BIO lib
1747434593: mosquitto version 2.0.21 starting
1747434593: Config loaded from /config/mosquitto.conf.
1747434593: Opening ipv4 listen socket on port 8883.
1747434593: Opening ipv6 listen socket on port 8883.
1747434593: Error: Unable to load CA certificates. Check cafile "/ssl/ca.crt".
1747434593: OpenSSL Error[0]: error:80000002:system library::No such file or directory
1747434593: OpenSSL Error[1]: error:10000080:BIO routines::no such file
1747434593: OpenSSL Error[2]: error:05880020:x509 certificate routines::BIO lib
1747434594: mosquitto version 2.0.21 starting
1747434594: Config loaded from /config/mosquitto.conf.
1747434594: Opening ipv4 listen socket on port 8883.
1747434594: Opening ipv6 listen socket on port 8883.
1747434594: Error: Unable to load CA certificates. Check cafile "/ssl/ca.crt".
1747434594: OpenSSL Error[0]: error:80000002:system library::No such file or directory
1747434594: OpenSSL Error[1]: error:10000080:BIO routines::no such file
1747434594: OpenSSL Error[2]: error:05880020:x509 certificate routines::BIO lib
1747434597: mosquitto version 2.0.21 starting
1747434597: Config loaded from /config/mosquitto.conf.
1747434597: Opening ipv4 listen socket on port 8883.
1747434597: Opening ipv6 listen socket on port 8883.
1747434597: Error: Unable to load CA certificates. Check cafile "/ssl/ca.crt".
1747434597: OpenSSL Error[0]: error:80000002:system library::No such file or directory
1747434597: OpenSSL Error[1]: error:10000080:BIO routines::no such file
1747434597: OpenSSL Error[2]: error:05880020:x509 certificate routines::BIO lib
1747434599: mosquitto version 2.0.21 starting
1747434599: Config loaded from /config/mosquitto.conf.
1747434599: Opening ipv4 listen socket on port 8883.
1747434599: Opening ipv6 listen socket on port 8883.
1747434599: Error: Unable to load CA certificates. Check cafile "/ssl/ca.crt".
1747434599: OpenSSL Error[0]: error:80000002:system library::No such file or directory
1747434599: OpenSSL Error[1]: error:10000080:BIO routines::no such file
1747434599: OpenSSL Error[2]: error:05880020:x509 certificate routines::BIO lib
1747434600: mosquitto version 2.0.21 starting
1747434600: Config loaded from /config/mosquitto.conf.
1747434600: Opening ipv4 listen socket on port 8883.
1747434600: Opening ipv6 listen socket on port 8883.
1747434600: Error: Unable to load CA certificates. Check cafile "/ssl/ca.crt".
1747434600: OpenSSL Error[0]: error:80000002:system library::No such file or directory
1747434600: OpenSSL Error[1]: error:10000080:BIO routines::no such file
1747434600: OpenSSL Error[2]: error:05880020:x509 certificate routines::BIO lib
1747434603: mosquitto version 2.0.21 starting
1747434603: Config loaded from /config/mosquitto.conf.
1747434603: Opening ipv4 listen socket on port 8883.
1747434603: Opening ipv6 listen socket on port 8883.
1747434603: Error: Unable to load CA certificates. Check cafile "/ssl/ca.crt".
1747434603: OpenSSL Error[0]: error:80000002:system library::No such file or directory
1747434603: OpenSSL Error[1]: error:10000080:BIO routines::no such file
1747434603: OpenSSL Error[2]: error:05880020:x509 certificate routines::BIO lib
1747434606: mosquitto version 2.0.21 starting
1747434606: Config loaded from /config/mosquitto.conf.
1747434606: Opening ipv4 listen socket on port 8883.
1747434606: Opening ipv6 listen socket on port 8883.
1747434606: Error: Unable to load CA certificates. Check cafile "/ssl/ca.crt".
1747434606: OpenSSL Error[0]: error:80000002:system library::No such file or directory
1747434606: OpenSSL Error[1]: error:10000080:BIO routines::no such file
1747434606: OpenSSL Error[2]: error:05880020:x509 certificate routines::BIO lib
1747434613: mosquitto version 2.0.21 starting
1747434613: Config loaded from /config/mosquitto.conf.
1747434613: Opening ipv4 listen socket on port 8883.
1747434613: Opening ipv6 listen socket on port 8883.
1747434613: Error: Unable to load CA certificates. Check cafile "/ssl/ca.crt".
1747434613: OpenSSL Error[0]: error:80000002:system library::No such file or directory
1747434613: OpenSSL Error[1]: error:10000080:BIO routines::no such file
1747434613: OpenSSL Error[2]: error:05880020:x509 certificate routines::BIO lib
1747434627: mosquitto version 2.0.21 starting
1747434627: Config loaded from /config/mosquitto.conf.
1747434627: Opening ipv4 listen socket on port 8883.
1747434627: Opening ipv6 listen socket on port 8883.
1747434627: Error: Unable to load CA certificates. Check cafile "/ssl/ca.crt".
1747434627: OpenSSL Error[0]: error:80000002:system library::No such file or directory
1747434627: OpenSSL Error[1]: error:10000080:BIO routines::no such file
1747434627: OpenSSL Error[2]: error:05880020:x509 certificate routines::BIO lib
1747434647: mosquitto version 2.0.21 starting
1747434647: Config loaded from /config/mosquitto.conf.
1747434647: Opening ipv4 listen socket on port 1883.
1747434647: Opening ipv6 listen socket on port 1883.
1747434647: Opening websockets listen socket on port 9001.
1747434647: mosquitto version 2.0.21 running
1747434648: Client mqttjs_6df92a23 closed its connection.
1747434652: Client mqttjs_6df92a23 closed its connection.
1747434654: Client mqttjs_6df92a23 closed its connection.
1747434656: Client mqttjs_6df92a23 closed its connection.
1747434659: Client mqttjs_6df92a23 closed its connection.
1747434661: Client mqttjs_6df92a23 closed its connection.
1747434663: Client mqttjs_6df92a23 closed its connection.
1747434665: Client mqttjs_6df92a23 closed its connection.
1747434667: Client mqttjs_6df92a23 closed its connection.
1747434668: Client mqttjs_6df92a23 closed its connection.
1747434669: Client mqttjs_6df92a23 closed its connection.
1747434670: Client mqttjs_6df92a23 closed its connection.
1747434671: Client mqttjs_6df92a23 closed its connection.
1747434672: Client mqttjs_b676f1a3 closed its connection.
1747434674: Client mqttjs_b676f1a3 closed its connection.
1747434675: Client mqttjs_b676f1a3 closed its connection.
1747434676: Client mqttjs_b676f1a3 closed its connection.
1747434677: Client mqttjs_b676f1a3 closed its connection.
1747434678: Client mqttjs_b676f1a3 closed its connection.
1747434678: New connection from ::1:57884 on port 1883.
1747434678: Client auto-96061B2B-34ED-E190-84C3-833A1F991E19 disconnected, not authorised.
1747434679: Client mqttjs_b676f1a3 closed its connection.
1747434680: Client mqttjs_b676f1a3 closed its connection.
1747434683: Client mqttjs_b676f1a3 closed its connection.
1747434685: Client mqttjs_b676f1a3 closed its connection.
1747434687: Client mqttjs_b676f1a3 closed its connection.
1747434690: Client mqttjs_b676f1a3 closed its connection.
1747434692: Client mqttjs_b676f1a3 closed its connection.
1747434694: Client mqttjs_b676f1a3 closed its connection.
1747434696: Client mqttjs_b676f1a3 closed its connection.
1747434698: Client mqttjs_b676f1a3 closed its connection.
1747434700: Client mqttjs_b676f1a3 closed its connection.
1747434702: Client mqttjs_b676f1a3 closed its connection.
1747434703: Client mqttjs_b676f1a3 closed its connection.
1747434705: Client mqttjs_b676f1a3 closed its connection.
1747434707: Client mqttjs_b676f1a3 closed its connection.
1747434709: Client mqttjs_b676f1a3 closed its connection.
1747434710: New connection from ::1:48464 on port 1883.
1747434710: Client auto-34FECC8B-C3C9-9DD4-0110-869820D8D81B disconnected, not authorised.
1747434712: Client mqttjs_b676f1a3 closed its connection.
1747434713: Client mqttjs_b676f1a3 closed its connection.
1747434715: Client mqttjs_b676f1a3 closed its connection.
1747434717: Client mqttjs_b676f1a3 closed its connection.
1747434719: Client mqttjs_b676f1a3 closed its connection.
1747434722: Client mqttjs_b676f1a3 closed its connection.
1747434724: Client mqttjs_b676f1a3 closed its connection.
1747434726: Client mqttjs_b676f1a3 closed its connection.
1747434728: Client mqttjs_b676f1a3 closed its connection.
1747434730: Client mqttjs_b676f1a3 closed its connection.
1747434732: Client mqttjs_b676f1a3 closed its connection.
1747434734: Client mqttjs_b676f1a3 closed its connection.
1747434735: Client mqttjs_b676f1a3 closed its connection.
1747434737: Client mqttjs_b676f1a3 closed its connection.
1747434739: Client mqttjs_b676f1a3 closed its connection.
1747434741: New connection from ::1:52642 on port 1883.
1747434741: Client auto-346247B1-659C-88DD-409F-AB6EA5080C50 disconnected, not authorised.
1747434741: Client mqttjs_b676f1a3 closed its connection.
1747434743: Client mqttjs_b676f1a3 closed its connection.
1747434745: Client mqttjs_b676f1a3 closed its connection.
1747434747: Client mqttjs_b676f1a3 closed its connection.
1747434750: Client mqttjs_b676f1a3 closed its connection.
1747434752: Client mqttjs_b676f1a3 closed its connection.
1747434753: Client mqttjs_b676f1a3 closed its connection.
1747434754: Client mqttjs_b676f1a3 closed its connection.
1747434755: Client mqttjs_b676f1a3 closed its connection.
1747434756: Client mqttjs_b676f1a3 closed its connection.
1747434758: Client mqttjs_b676f1a3 closed its connection.
1747434759: Client mqttjs_b676f1a3 closed its connection.
1747434760: Client mqttjs_b676f1a3 closed its connection.
1747434761: Client mqttjs_b676f1a3 closed its connection.
1747434762: Client mqttjs_b676f1a3 closed its connection.
1747434763: Client mqttjs_b676f1a3 closed its connection.
1747434764: Client mqttjs_b676f1a3 closed its connection.
1747434765: Client mqttjs_b676f1a3 closed its connection.
1747434766: Client mqttjs_b676f1a3 closed its connection.
1747434767: Client mqttjs_b676f1a3 closed its connection.
1747434769: Client mqttjs_b676f1a3 closed its connection.
1747434770: Client mqttjs_b676f1a3 closed its connection.
1747434771: Client mqttjs_b676f1a3 closed its connection.
1747434772: New connection from ::1:39864 on port 1883.
1747434772: Client auto-3F984E2D-11BF-470A-5C05-9DFC5278FDC3 disconnected, not authorised.
1747434772: Client mqttjs_b676f1a3 closed its connection.
1747434773: Client mqttjs_b676f1a3 closed its connection.
1747434774: Client mqttjs_b676f1a3 closed its connection.
1747434776: Client mqttjs_ab088aff closed its connection.
1747434777: Client mqttjs_ab088aff closed its connection.
1747434778: Client mqttjs_ab088aff closed its connection.
1747434779: Client mqttjs_ab088aff closed its connection.
1747434782: Client mqttjs_ab088aff closed its connection.
1747434784: Client mqttjs_ab088aff closed its connection.
1747434786: Client mqttjs_ab088aff closed its connection.
1747434788: Client mqttjs_ab088aff closed its connection.
1747434790: Client mqttjs_ab088aff closed its connection.
1747434792: Client mqttjs_ab088aff closed its connection.
1747434793: Client mqttjs_ab088aff closed its connection.
1747434794: Client mqttjs_ab088aff closed its connection.
1747434795: Client mqttjs_ab088aff closed its connection.
1747434796: Client mqttjs_ab088aff closed its connection.
1747434797: Client mqttjs_ab088aff closed its connection.
1747434798: Client mqttjs_ab088aff closed its connection.
1747434799: Client mqttjs_ab088aff closed its connection.
1747434800: Client mqttjs_ab088aff closed its connection.
1747434802: Client mqttjs_ab088aff closed its connection.
1747434803: Client mqttjs_ab088aff closed its connection.
1747434803: New connection from ::1:55876 on port 1883.
1747434803: Client auto-6B5610F4-E5EF-C1E8-D4DD-4C3C80A656BE disconnected, not authorised.
1747434804: Client mqttjs_ab088aff closed its connection.
1747434805: Client mqttjs_ab088aff closed its connection.
1747434806: Client mqttjs_ab088aff closed its connection.
1747434807: Client mqttjs_ab088aff closed its connection.
1747434808: Client mqttjs_ab088aff closed its connection.
1747434809: Client mqttjs_ab088aff closed its connection.
1747434810: Client mqttjs_ab088aff closed its connection.
1747434811: Client mqttjs_ab088aff closed its connection.
1747434813: Client mqttjs_ab088aff closed its connection.
1747434814: Client mqttjs_ab088aff closed its connection.
1747434816: Client mqttjs_ab088aff closed its connection.
1747434817: Client mqttjs_ab088aff closed its connection.
1747434834: New connection from ::1:53596 on port 1883.
1747434834: Client auto-7C404108-C9FE-5CA5-962F-1B65B18F7862 disconnected, not authorised.
1747434835: Client mqttjs_85f5072d closed its connection.
1747434836: Client mqttjs_85f5072d closed its connection.
1747434837: Client mqttjs_85f5072d closed its connection.
1747434838: Client mqttjs_85f5072d closed its connection.
1747434839: Client mqttjs_85f5072d closed its connection.
1747434840: Client mqttjs_85f5072d closed its connection.
1747434841: Client mqttjs_85f5072d closed its connection.
1747434842: Client mqttjs_85f5072d closed its connection.
1747434844: Client mqttjs_85f5072d closed its connection.
1747434845: Client mqttjs_85f5072d closed its connection.
1747434846: Client mqttjs_85f5072d closed its connection.
1747434848: Client mqttjs_85f5072d closed its connection.
1747434849: Client mqttjs_85f5072d closed its connection.
1747434850: Client mqttjs_85f5072d closed its connection.
1747434851: Client mqttjs_85f5072d closed its connection.
1747434852: Client mqttjs_85f5072d closed its connection.
1747434853: Client mqttjs_85f5072d closed its connection.
1747434854: Client mqttjs_85f5072d closed its connection.
1747434855: Client mqttjs_85f5072d closed its connection.
1747434856: Client mqttjs_85f5072d closed its connection.
1747434857: Client mqttjs_85f5072d closed its connection.
1747434858: Client mqttjs_85f5072d closed its connection.
1747434860: Client mqttjs_85f5072d closed its connection.
1747434861: Client mqttjs_85f5072d closed its connection.
1747434862: Client mqttjs_85f5072d closed its connection.
1747434863: Client mqttjs_85f5072d closed its connection.
1747434865: New connection from ::1:43964 on port 1883.
1747434865: Client auto-73FDD91E-5DB2-E993-50B5-C0727DEE5FF2 disconnected, not authorised.
1747434865: Client mqttjs_85f5072d closed its connection.
1747434867: Client mqttjs_85f5072d closed its connection.
1747434869: Client mqttjs_85f5072d closed its connection.
1747434871: Client mqttjs_85f5072d closed its connection.
1747434873: Client mqttjs_85f5072d closed its connection.
1747434876: Client mqttjs_85f5072d closed its connection.
1747434878: Client mqttjs_85f5072d closed its connection.
1747434880: Client mqttjs_85f5072d closed its connection.
1747434882: Client mqttjs_85f5072d closed its connection.
1747434884: Client mqttjs_85f5072d closed its connection.
1747434886: Client mqttjs_85f5072d closed its connection.
1747434888: Client mqttjs_85f5072d closed its connection.
1747434890: Client mqttjs_85f5072d closed its connection.
1747434891: Client mqttjs_85f5072d closed its connection.
1747434893: Client mqttjs_85f5072d closed its connection.
1747434895: Client mqttjs_85f5072d closed its connection.
1747434896: New connection from ::1:47012 on port 1883.
1747434896: Client auto-65021879-BFCC-CB6E-36C9-9EB0B934D567 disconnected, not authorised.
1747434897: Client mqttjs_85f5072d closed its connection.
1747434898: Client mqttjs_85f5072d closed its connection.
1747434899: Client mqttjs_85f5072d closed its connection.
1747434901: Client mqttjs_85f5072d closed its connection.
1747434902: Client mqttjs_85f5072d closed its connection.
1747434903: Client mqttjs_85f5072d closed its connection.
1747434904: Client mqttjs_85f5072d closed its connection.
1747434906: Client mqttjs_85f5072d closed its connection.
1747434907: Client mqttjs_85f5072d closed its connection.
1747434908: Client mqttjs_85f5072d closed its connection.
1747434910: Client mqttjs_85f5072d closed its connection.
1747434911: Client mqttjs_85f5072d closed its connection.
1747434912: Client mqttjs_2e2cb728 closed its connection.
1747434914: Client mqttjs_2e2cb728 closed its connection.
1747434915: Client mqttjs_2e2cb728 closed its connection.
1747434916: Client mqttjs_2e2cb728 closed its connection.
1747434918: Client mqttjs_2e2cb728 closed its connection.
1747434919: Client mqttjs_2e2cb728 closed its connection.
1747434920: Client mqttjs_2e2cb728 closed its connection.
1747434921: Client mqttjs_2e2cb728 closed its connection.
1747434929: Client mqttjs_2e2cb728 closed its connection.
1747434930: Client mqttjs_2e2cb728 closed its connection.
1747434930: New connection from ::1:51918 on port 1883.
1747434930: Client auto-8D0725FA-116A-0C09-4DA0-832299CAFE0D disconnected, not authorised.
1747434931: Client mqttjs_2e2cb728 closed its connection.
1747434933: Client mqttjs_2e2cb728 closed its connection.
1747434934: Client mqttjs_2e2cb728 closed its connection.
1747434936: Client mqttjs_2e2cb728 closed its connection.
1747434937: Client mqttjs_2e2cb728 closed its connection.
1747434939: Client mqttjs_2e2cb728 closed its connection.
1747434940: Client mqttjs_2e2cb728 closed its connection.
1747434951: Client mqttjs_2e2cb728 closed its connection.
1747434952: Client mqttjs_2e2cb728 closed its connection.
1747434954: Client mqttjs_2e2cb728 closed its connection.
1747434955: Client mqttjs_2e2cb728 closed its connection.
1747434956: Client mqttjs_2e2cb728 closed its connection.
1747434957: Client mqttjs_2e2cb728 closed its connection.
1747434958: Client mqttjs_2e2cb728 closed its connection.
1747434959: Client mqttjs_2e2cb728 closed its connection.
1747434960: Client mqttjs_2e2cb728 closed its connection.
1747434961: Client mqttjs_2e2cb728 closed its connection.
1747434962: New connection from ::1:36970 on port 1883.
1747434962: Client auto-BADF6451-5D5E-D146-470C-B3BA7380E5E1 disconnected, not authorised.
1747434962: Client mqttjs_2e2cb728 closed its connection.
1747434963: Client mqttjs_2e2cb728 closed its connection.
1747434965: Client mqttjs_2e2cb728 closed its connection.
1747434966: Client mqttjs_2e2cb728 closed its connection.
1747434968: Client mqttjs_2e2cb728 closed its connection.
1747434969: Client mqttjs_2e2cb728 closed its connection.
1747434970: Client mqttjs_2e2cb728 closed its connection.
1747434971: Client mqttjs_2e2cb728 closed its connection.
1747434972: Client mqttjs_2e2cb728 closed its connection.
1747434973: Client mqttjs_2e2cb728 closed its connection.
1747434974: Client mqttjs_2e2cb728 closed its connection.
1747434976: Client mqttjs_2e2cb728 closed its connection.
1747434977: Client mqttjs_2e2cb728 closed its connection.
1747434978: Client mqttjs_2e2cb728 closed its connection.
1747434979: Client mqttjs_2e2cb728 closed its connection.
1747434980: Client mqttjs_2e2cb728 closed its connection.
1747434981: Client mqttjs_2e2cb728 closed its connection.
1747434982: Client mqttjs_2e2cb728 closed its connection.
1747434983: Client mqttjs_2e2cb728 closed its connection.
1747434984: Client mqttjs_2e2cb728 closed its connection.
1747434985: Client mqttjs_2e2cb728 closed its connection.
1747434986: Client mqttjs_2e2cb728 closed its connection.
1747434988: Client mqttjs_2e2cb728 closed its connection.
1747434989: Client mqttjs_2e2cb728 closed its connection.
1747434991: Client mqttjs_2e2cb728 closed its connection.
1747434993: Client mqttjs_2e2cb728 closed its connection.
1747434993: New connection from ::1:35146 on port 1883.
1747434993: Client auto-AFE2D7BF-0944-27B2-BFD9-153559657B4A disconnected, not authorised.
1747434995: Client mqttjs_2e2cb728 closed its connection.
1747434997: Client mqttjs_2e2cb728 closed its connection.
1747435000: Client mqttjs_2e2cb728 closed its connection.
1747435002: Client mqttjs_2e2cb728 closed its connection.
1747435004: Client mqttjs_2e2cb728 closed its connection.
1747435006: Client mqttjs_2e2cb728 closed its connection.
1747435008: Client mqttjs_2e2cb728 closed its connection.
1747435010: Client mqttjs_2e2cb728 closed its connection.
1747435011: Client mqttjs_2e2cb728 closed its connection.
1747435013: Client mqttjs_2e2cb728 closed its connection.
1747435015: Client mqttjs_2e2cb728 closed its connection.
1747435017: Client mqttjs_2e2cb728 closed its connection.
1747435019: Client mqttjs_2e2cb728 closed its connection.
1747435021: Client mqttjs_2e2cb728 closed its connection.
1747435023: Client mqttjs_2e2cb728 closed its connection.
1747435024: New connection from ::1:50146 on port 1883.
1747435024: Client auto-005BF7A6-121C-4E36-751B-E4923D1A6C6F disconnected, not authorised.
1747435025: Client mqttjs_2e2cb728 closed its connection.
1747435027: Client mqttjs_2e2cb728 closed its connection.
1747435030: Client mqttjs_2e2cb728 closed its connection.
1747435032: Client mqttjs_2e2cb728 closed its connection.
1747435034: Client mqttjs_2e2cb728 closed its connection.
1747435036: Client mqttjs_2e2cb728 closed its connection.
1747435038: Client mqttjs_2e2cb728 closed its connection.
1747435040: Client mqttjs_2e2cb728 closed its connection.
1747435042: Client mqttjs_2e2cb728 closed its connection.
1747435044: Client mqttjs_2e2cb728 closed its connection.
1747435046: Client mqttjs_2e2cb728 closed its connection.
1747435048: Client mqttjs_2e2cb728 closed its connection.
1747435049: Client mqttjs_2e2cb728 closed its connection.
1747435051: Client mqttjs_2e2cb728 closed its connection.
1747435053: Client mqttjs_2e2cb728 closed its connection.
1747435055: Client mqttjs_2e2cb728 closed its connection.
1747435055: New connection from ::1:44278 on port 1883.
1747435055: Client auto-D9BB1C2A-95BD-5A3D-59CF-62F1D50128C5 disconnected, not authorised.
1747435057: Client mqttjs_2e2cb728 closed its connection.
1747435060: Client mqttjs_2e2cb728 closed its connection.
1747435062: Client mqttjs_2e2cb728 closed its connection.
1747435064: Client mqttjs_2e2cb728 closed its connection.
1747435065: mosquitto version 2.0.21 terminating
1747435065: Saving in-memory database to /data//mosquitto.db.
1747435065: Warning: File /data//mosquitto.db.new has world readable permissions. Future versions will refuse to load this file.
To fix this, use `chmod 0700 /data//mosquitto.db.new`.
1747435065: Warning: File /data//mosquitto.db.new owner is not mosquitto. Future versions will refuse to load this file.To fix this, use `chown mosquitto /data//mosquitto.db.new`.
1747435065: Warning: File /data//mosquitto.db.new group is not mosquitto. Future versions will refuse to load this file.
1747435078: mosquitto version 2.0.21 starting
1747435078: Config loaded from /config/mosquitto.conf.
1747435078: Opening ipv4 listen socket on port 1883.
1747435078: Opening ipv6 listen socket on port 1883.
1747435078: Opening websockets listen socket on port 9001.
1747435078: mosquitto version 2.0.21 running
1747435079: New client connected from ::ffff:172.23.0.1:49502 as mqttjs_2e2cb728 (p2, c1, k60).
1747435109: New connection from ::1:43560 on port 1883.
1747435109: New client connected from ::1:43560 as auto-B65A7F4D-3135-D70B-286A-387A1341D1E1 (p2, c1, k60).
1747435109: Client auto-B65A7F4D-3135-D70B-286A-387A1341D1E1 disconnected.
1747435117: Client mqttjs_2e2cb728 closed its connection.
1747435118: New client connected from ::ffff:172.23.0.1:47534 as mqttjs_527d5d8b (p2, c1, k60).
1747435140: New connection from ::1:58272 on port 1883.
1747435140: New client connected from ::1:58272 as auto-17D70F9F-49E8-3D98-EDE3-2597A2433C7B (p2, c1, k60).
1747435140: Client auto-17D70F9F-49E8-3D98-EDE3-2597A2433C7B disconnected.
1747435171: New connection from ::1:49310 on port 1883.
1747435171: New client connected from ::1:49310 as auto-94CA113C-2D73-9825-A2BF-33F6CB1CF517 (p2, c1, k60).
1747435171: Client auto-94CA113C-2D73-9825-A2BF-33F6CB1CF517 disconnected.
1747435202: New connection from ::1:52466 on port 1883.
1747435202: New client connected from ::1:52466 as auto-405DFCBA-EE1F-A0BC-FBD9-0E7372CAD73D (p2, c1, k60).
1747435202: Client auto-405DFCBA-EE1F-A0BC-FBD9-0E7372CAD73D disconnected.
1747435233: New connection from ::1:32894 on port 1883.
1747435233: New client connected from ::1:32894 as auto-D7C977D2-4A3A-90C1-DD3F-346F9F7B8F4E (p2, c1, k60).
1747435233: Client auto-D7C977D2-4A3A-90C1-DD3F-346F9F7B8F4E disconnected.
1747435264: New connection from ::1:34556 on port 1883.
1747435264: New client connected from ::1:34556 as auto-630A3169-6FA6-17F1-25E1-34E62DEDFA99 (p2, c1, k60).
1747435264: Client auto-630A3169-6FA6-17F1-25E1-34E62DEDFA99 disconnected.
1747435281: Client mqttjs_527d5d8b closed its connection.
1747435282: New client connected from ::ffff:172.23.0.1:36178 as mqttjs_c777e271 (p2, c1, k60).
1747435296: New connection from ::1:56938 on port 1883.
1747435296: New client connected from ::1:56938 as auto-44739BB5-C7AA-BDC6-E647-1218586FC333 (p2, c1, k60).
1747435296: Client auto-44739BB5-C7AA-BDC6-E647-1218586FC333 disconnected.
1747435327: New connection from ::1:37366 on port 1883.
1747435327: New client connected from ::1:37366 as auto-38A46DC1-7FBB-7E67-1782-4A88F8791CFF (p2, c1, k60).
1747435327: Client auto-38A46DC1-7FBB-7E67-1782-4A88F8791CFF disconnected.
1747435358: New connection from ::1:47240 on port 1883.
1747435358: New client connected from ::1:47240 as auto-E6CF1159-A4F9-D9DF-405B-A45217E9EA37 (p2, c1, k60).
1747435358: Client auto-E6CF1159-A4F9-D9DF-405B-A45217E9EA37 disconnected.
1747435390: New connection from ::1:43590 on port 1883.
1747435390: New client connected from ::1:43590 as auto-E75FA891-8498-1929-9AE0-041BB9E919D5 (p2, c1, k60).
1747435390: Client auto-E75FA891-8498-1929-9AE0-041BB9E919D5 disconnected.
1747435421: New connection from ::1:36498 on port 1883.
1747435421: New client connected from ::1:36498 as auto-25F43D06-4060-3300-5A64-AA885BC0E898 (p2, c1, k60).
1747435421: Client auto-25F43D06-4060-3300-5A64-AA885BC0E898 disconnected.
1747435452: New connection from ::1:33716 on port 1883.
1747435452: New client connected from ::1:33716 as auto-AFB04790-A149-0759-8497-0C74ED0071E8 (p2, c1, k60).
1747435452: Client auto-AFB04790-A149-0759-8497-0C74ED0071E8 disconnected.
1747435483: New connection from ::1:55552 on port 1883.
1747435483: New client connected from ::1:55552 as auto-2B41C062-6A70-9981-8F3A-3DF6F7CE582C (p2, c1, k60).
1747435483: Client auto-2B41C062-6A70-9981-8F3A-3DF6F7CE582C disconnected.
1747435514: New connection from ::1:40690 on port 1883.
1747435514: New client connected from ::1:40690 as auto-60FF2A84-D489-2B9A-30C2-C812BF262B7F (p2, c1, k60).
1747435514: Client auto-60FF2A84-D489-2B9A-30C2-C812BF262B7F disconnected.
1747435544: Client mqttjs_c777e271 closed its connection.
1747435548: New connection from ::1:54904 on port 1883.
1747435548: New client connected from ::1:54904 as auto-3B2C2A7B-EC11-E0AF-7D29-96CEB4BF2D45 (p2, c1, k60).
1747435548: Client auto-3B2C2A7B-EC11-E0AF-7D29-96CEB4BF2D45 disconnected.
1747435554: New client connected from ::ffff:172.23.0.1:44616 as mqttjs_783c28d0 (p2, c1, k60).
1747435580: New connection from ::1:58716 on port 1883.
1747435580: New client connected from ::1:58716 as auto-0E27DD32-7895-0543-BF11-64CE8BBEAFAD (p2, c1, k60).
1747435580: Client auto-0E27DD32-7895-0543-BF11-64CE8BBEAFAD disconnected.
1747435613: New connection from ::1:55218 on port 1883.
1747435613: New client connected from ::1:55218 as auto-600780EB-BCC8-8873-D4CB-4BE1309FC731 (p2, c1, k60).
1747435613: Client auto-600780EB-BCC8-8873-D4CB-4BE1309FC731 disconnected.
1747435645: New connection from ::1:34732 on port 1883.
1747435645: New client connected from ::1:34732 as auto-7AD4599F-D5A8-976E-9103-E9E656507E09 (p2, c1, k60).
1747435645: Client auto-7AD4599F-D5A8-976E-9103-E9E656507E09 disconnected.
1747435676: New connection from ::1:59140 on port 1883.
1747435676: New client connected from ::1:59140 as auto-4DAB35AB-76BD-B937-F0D8-12DCB4E50D5D (p2, c1, k60).
1747435676: Client auto-4DAB35AB-76BD-B937-F0D8-12DCB4E50D5D disconnected.
1747435688: Client mqttjs_783c28d0 closed its connection.
1747435689: New client connected from ::ffff:172.23.0.1:59702 as mqttjs_e04e94b7 (p2, c1, k60).
1747435707: New connection from ::1:59286 on port 1883.
1747435707: New client connected from ::1:59286 as auto-EE94F110-742F-D3AA-8A36-B3D051BD44A2 (p2, c1, k60).
1747435707: Client auto-EE94F110-742F-D3AA-8A36-B3D051BD44A2 disconnected.
1747435738: New connection from ::1:46406 on port 1883.
1747435738: New client connected from ::1:46406 as auto-1D17FA9D-4878-CB32-2115-285DECD7D836 (p2, c1, k60).
1747435738: Client auto-1D17FA9D-4878-CB32-2115-285DECD7D836 disconnected.
1747435769: New connection from ::1:40684 on port 1883.
1747435769: New client connected from ::1:40684 as auto-42472ABA-DE17-4CC1-8168-59C4DF15FFA3 (p2, c1, k60).
1747435769: Client auto-42472ABA-DE17-4CC1-8168-59C4DF15FFA3 disconnected.
1747435800: New connection from ::1:52648 on port 1883.
1747435800: New client connected from ::1:52648 as auto-C446E3B3-948C-CB29-67E3-CD14DADB1666 (p2, c1, k60).
1747435800: Client auto-C446E3B3-948C-CB29-67E3-CD14DADB1666 disconnected.
1747435831: New connection from ::1:51760 on port 1883.
1747435831: New client connected from ::1:51760 as auto-EAAEE3A1-5E1A-5BA8-2F4A-16A3E33A9A26 (p2, c1, k60).
1747435831: Client auto-EAAEE3A1-5E1A-5BA8-2F4A-16A3E33A9A26 disconnected.
1747435831: New client connected from ::ffff:172.23.0.1:40670 as mqttjs_81a95a15 (p2, c1, k60).
1747435862: New connection from ::1:42242 on port 1883.
1747435862: New client connected from ::1:42242 as auto-9C702B77-70B4-39E3-931D-C4335D230D8C (p2, c1, k60).
1747435862: Client auto-9C702B77-70B4-39E3-931D-C4335D230D8C disconnected.
1747435894: New connection from ::1:34640 on port 1883.
1747435894: New client connected from ::1:34640 as auto-6FE532BF-178A-3156-04BC-4C9258194B12 (p2, c1, k60).
1747435894: Client auto-6FE532BF-178A-3156-04BC-4C9258194B12 disconnected.
1747435925: New connection from ::1:59312 on port 1883.
1747435925: New client connected from ::1:59312 as auto-713FBB06-337F-C6C2-BE65-96233C3BBF21 (p2, c1, k60).
1747435925: Client auto-713FBB06-337F-C6C2-BE65-96233C3BBF21 disconnected.
1747435956: New connection from ::1:34312 on port 1883.
1747435956: New client connected from ::1:34312 as auto-0BF827AC-8F6F-E4E3-066C-1BFB3290BABF (p2, c1, k60).
1747435956: Client auto-0BF827AC-8F6F-E4E3-066C-1BFB3290BABF disconnected.
1747435987: New connection from ::1:59816 on port 1883.
1747435987: New client connected from ::1:59816 as auto-9AF31955-013A-0C21-EABB-63C7F649E6B5 (p2, c1, k60).
1747435987: Client auto-9AF31955-013A-0C21-EABB-63C7F649E6B5 disconnected.
1747436016: mosquitto version 2.0.21 terminating
1747436016: Saving in-memory database to /data//mosquitto.db.
1747436016: Warning: File /data//mosquitto.db.new has world readable permissions. Future versions will refuse to load this file.
To fix this, use `chmod 0700 /data//mosquitto.db.new`.
1747436016: Warning: File /data//mosquitto.db.new owner is not mosquitto. Future versions will refuse to load this file.To fix this, use `chown mosquitto /data//mosquitto.db.new`.
1747436016: Warning: File /data//mosquitto.db.new group is not mosquitto. Future versions will refuse to load this file.
1747436016: Client mqttjs_81a95a15 closed its connection.
1747436016: Client mqttjs_e04e94b7 closed its connection.
1747436032: mosquitto version 2.0.21 starting
1747436032: Config loaded from /config/mosquitto.conf.
1747436032: Opening ipv4 listen socket on port 1883.
1747436032: Opening ipv6 listen socket on port 1883.
1747436032: Opening websockets listen socket on port 9001.
1747436032: mosquitto version 2.0.21 running
1747436032: New client connected from ::ffff:172.23.0.1:58892 as mqttjs_e04e94b7 (p2, c1, k60).
1747436032: New client connected from ::ffff:172.23.0.1:58906 as mqttjs_81a95a15 (p2, c1, k60).
1747436053: Client mqttjs_81a95a15 closed its connection.
1747436054: New client connected from ::ffff:172.23.0.1:35996 as mqttjs_1b627193 (p2, c1, k60).
1747436063: New connection from ::1:58848 on port 1883.
1747436063: New client connected from ::1:58848 as auto-E18F7661-1AD3-BA0D-AF0E-1C01C13FAA01 (p2, c1, k60).
1747436063: Client auto-E18F7661-1AD3-BA0D-AF0E-1C01C13FAA01 disconnected.
1747436071: Client mqttjs_e04e94b7 closed its connection.
1747436073: New client connected from ::ffff:172.23.0.1:38364 as mqttjs_f82d9978 (p2, c1, k60).
1747436094: New connection from ::1:60588 on port 1883.
1747436094: New client connected from ::1:60588 as auto-E76C068F-D54F-4B2A-A564-E8A9CC101CF5 (p2, c1, k60).
1747436094: Client auto-E76C068F-D54F-4B2A-A564-E8A9CC101CF5 disconnected.
1747436111: Client mqttjs_1b627193 closed its connection.
1747436111: New client connected from ::ffff:172.23.0.1:54250 as mqttjs_1d43d5ef (p2, c1, k60).
1747436125: New connection from ::1:59162 on port 1883.
1747436125: New client connected from ::1:59162 as auto-962B971F-2F87-02FF-BFD8-71D37FEFA3BA (p2, c1, k60).
1747436125: Client auto-962B971F-2F87-02FF-BFD8-71D37FEFA3BA disconnected.
1747436156: New connection from ::1:47356 on port 1883.
1747436156: New client connected from ::1:47356 as auto-39A02AF5-4B8F-AB5C-D04E-856130A63B47 (p2, c1, k60).
1747436156: Client auto-39A02AF5-4B8F-AB5C-D04E-856130A63B47 disconnected.
1747436189: New connection from ::1:43728 on port 1883.
1747436189: New client connected from ::1:43728 as auto-DF9BF91D-CA1A-39A1-9D5E-98405A172D19 (p2, c1, k60).
1747436189: Client auto-DF9BF91D-CA1A-39A1-9D5E-98405A172D19 disconnected.
1747436223: New connection from ::1:41858 on port 1883.
1747436223: New client connected from ::1:41858 as auto-1EC04FAB-6393-17D4-F743-F716370887D9 (p2, c1, k60).
1747436223: Client auto-1EC04FAB-6393-17D4-F743-F716370887D9 disconnected.
1747436256: New connection from ::1:49496 on port 1883.
1747436256: New client connected from ::1:49496 as auto-C4AA1515-D63B-0A88-0C3D-4A31751F63C3 (p2, c1, k60).
1747436256: Client auto-C4AA1515-D63B-0A88-0C3D-4A31751F63C3 disconnected.
1747436287: New connection from ::1:38190 on port 1883.
1747436287: New client connected from ::1:38190 as auto-84DFE077-81C0-EACA-CB30-4068DB4AFDD8 (p2, c1, k60).
1747436287: Client auto-84DFE077-81C0-EACA-CB30-4068DB4AFDD8 disconnected.
1747436318: New connection from ::1:42462 on port 1883.
1747436318: New client connected from ::1:42462 as auto-AF04F376-2D0E-9571-3B87-1E938B16EE72 (p2, c1, k60).
1747436318: Client auto-AF04F376-2D0E-9571-3B87-1E938B16EE72 disconnected.
1747436350: New connection from ::1:49708 on port 1883.
1747436350: New client connected from ::1:49708 as auto-5A4B6DD9-6ACA-0C08-88D6-E3E4CADDE08E (p2, c1, k60).
1747436350: Client auto-5A4B6DD9-6ACA-0C08-88D6-E3E4CADDE08E disconnected.
1747436381: New connection from ::1:46216 on port 1883.
1747436381: New client connected from ::1:46216 as auto-3BFA29B3-39EA-23B6-F776-0113484738B1 (p2, c1, k60).
1747436381: Client auto-3BFA29B3-39EA-23B6-F776-0113484738B1 disconnected.
1747436384: Client mqttjs_f82d9978 disconnected.
1747436412: New connection from ::1:36140 on port 1883.
1747436412: New client connected from ::1:36140 as auto-507F2CEC-3D60-7F7A-2EB6-E513691B664A (p2, c1, k60).
1747436412: Client auto-507F2CEC-3D60-7F7A-2EB6-E513691B664A disconnected.
1747436446: New connection from ::1:39964 on port 1883.
1747436446: New client connected from ::1:39964 as auto-C00AD317-EF91-08B5-5125-A9313447504E (p2, c1, k60).
1747436446: Client auto-C00AD317-EF91-08B5-5125-A9313447504E disconnected.
1747436465: New client connected from ::ffff:172.23.0.1:51738 as mqttjs_14df9c0b (p2, c1, k60).
1747436478: New connection from ::1:50732 on port 1883.
1747436478: New client connected from ::1:50732 as auto-A2787D49-8B40-F607-5CA0-F22E1302C4FE (p2, c1, k60).
1747436478: Client auto-A2787D49-8B40-F607-5CA0-F22E1302C4FE disconnected.
1747436483: Client mqttjs_14df9c0b closed its connection.
1747436484: New client connected from ::ffff:172.23.0.1:56120 as mqttjs_9caa300d (p2, c1, k60).
1747436510: New connection from ::1:60138 on port 1883.
1747436510: New client connected from ::1:60138 as auto-442A4800-0BD5-D54A-068D-EE3E64DB741E (p2, c1, k60).
1747436510: Client auto-442A4800-0BD5-D54A-068D-EE3E64DB741E disconnected.
1747436520: Client mqttjs_9caa300d closed its connection.
1747436541: New connection from ::1:60766 on port 1883.
1747436541: New client connected from ::1:60766 as auto-87D19862-78A3-CF7F-E7B5-1C8D88ED52EC (p2, c1, k60).
1747436541: Client auto-87D19862-78A3-CF7F-E7B5-1C8D88ED52EC disconnected.
1747436572: New connection from ::1:34822 on port 1883.
1747436572: New client connected from ::1:34822 as auto-C9A3D6CD-B4F1-0AFD-5D63-B9C142F752EF (p2, c1, k60).
1747436572: Client auto-C9A3D6CD-B4F1-0AFD-5D63-B9C142F752EF disconnected.
1747436603: New connection from ::1:44866 on port 1883.
1747436603: New client connected from ::1:44866 as auto-D385A418-4298-23F3-6A06-BC62B5EA6C50 (p2, c1, k60).
1747436603: Client auto-D385A418-4298-23F3-6A06-BC62B5EA6C50 disconnected.
1747436627: New client connected from ::ffff:172.23.0.1:53920 as mqttjs_29bf76ae (p2, c1, k60).
1747436634: New connection from ::1:42642 on port 1883.
1747436634: New client connected from ::1:42642 as auto-21450EF3-CA6F-7984-C0A4-D3863338432B (p2, c1, k60).
1747436634: Client auto-21450EF3-CA6F-7984-C0A4-D3863338432B disconnected.
1747436645: Client mqttjs_29bf76ae closed its connection.
1747436648: New client connected from ::ffff:172.23.0.1:58976 as mqttjs_35b78678 (p2, c1, k60).
1747436665: New connection from ::1:39486 on port 1883.
1747436665: New client connected from ::1:39486 as auto-705877F9-3B2E-9FCB-4E62-40B233B2FA90 (p2, c1, k60).
1747436665: Client auto-705877F9-3B2E-9FCB-4E62-40B233B2FA90 disconnected.
1747436696: New connection from ::1:53346 on port 1883.
1747436696: New client connected from ::1:53346 as auto-5184C5EE-9A09-B20B-9B78-31F212BE76D4 (p2, c1, k60).
1747436696: Client auto-5184C5EE-9A09-B20B-9B78-31F212BE76D4 disconnected.
1747436727: New connection from ::1:37656 on port 1883.
1747436727: New client connected from ::1:37656 as auto-9C9EBCD3-1B59-C8FB-6EBF-B1B5688853C2 (p2, c1, k60).
1747436727: Client auto-9C9EBCD3-1B59-C8FB-6EBF-B1B5688853C2 disconnected.
1747436758: New connection from ::1:48664 on port 1883.
1747436758: New client connected from ::1:48664 as auto-A40EF6D6-CBDC-DD76-3603-DA82C15E75FE (p2, c1, k60).
1747436758: Client auto-A40EF6D6-CBDC-DD76-3603-DA82C15E75FE disconnected.
1747436789: New connection from ::1:48748 on port 1883.
1747436789: New client connected from ::1:48748 as auto-1E519692-B6A3-372F-D174-837568253CC1 (p2, c1, k60).
1747436789: Client auto-1E519692-B6A3-372F-D174-837568253CC1 disconnected.
1747436820: New connection from ::1:58276 on port 1883.
1747436820: New client connected from ::1:58276 as auto-84FF8B78-6C8D-8E0F-D4E6-79E2A5DAE1C3 (p2, c1, k60).
1747436820: Client auto-84FF8B78-6C8D-8E0F-D4E6-79E2A5DAE1C3 disconnected.
1747436843: Client mqttjs_35b78678 disconnected.
1747436843: New client connected from ::ffff:172.23.0.1:41002 as mqtt-nextjs-ca44b7 (p2, c1, k60).
1747436851: New connection from ::1:36638 on port 1883.
1747436851: New client connected from ::1:36638 as auto-F030A56E-5E91-E7A7-F96D-56EC98DE8D69 (p2, c1, k60).
1747436851: Client auto-F030A56E-5E91-E7A7-F96D-56EC98DE8D69 disconnected.
1747436862: Client mqtt-nextjs-ca44b7 closed its connection.
1747436863: New client connected from ::ffff:172.23.0.1:50054 as mqtt-nextjs-9b3e24 (p2, c1, k60).
1747436882: New connection from ::1:48792 on port 1883.
1747436882: New client connected from ::1:48792 as auto-A435220E-73CB-8D2D-578F-ADAC1259EBF9 (p2, c1, k60).
1747436882: Client auto-A435220E-73CB-8D2D-578F-ADAC1259EBF9 disconnected.
1747436913: New connection from ::1:60344 on port 1883.
1747436913: New client connected from ::1:60344 as auto-6F6EDB98-98C8-4147-581F-8EACC0BE2383 (p2, c1, k60).
1747436913: Client auto-6F6EDB98-98C8-4147-581F-8EACC0BE2383 disconnected.
1747436944: New connection from ::1:53202 on port 1883.
1747436944: New client connected from ::1:53202 as auto-96C3A176-6386-1E78-362E-9EB8312530FE (p2, c1, k60).
1747436944: Client auto-96C3A176-6386-1E78-362E-9EB8312530FE disconnected.
1747436976: New connection from ::1:53098 on port 1883.
1747436976: New client connected from ::1:53098 as auto-7B1E173F-4FEB-7D2F-5A6E-974B60BD1C91 (p2, c1, k60).
1747436976: Client auto-7B1E173F-4FEB-7D2F-5A6E-974B60BD1C91 disconnected.
1747437007: New connection from ::1:42418 on port 1883.
1747437007: New client connected from ::1:42418 as auto-AAD6AA31-B18A-0986-4ED2-D4DF4A553902 (p2, c1, k60).
1747437007: Client auto-AAD6AA31-B18A-0986-4ED2-D4DF4A553902 disconnected.
1747437038: New connection from ::1:60158 on port 1883.
1747437038: New client connected from ::1:60158 as auto-B4482CC1-AAC3-716D-6A34-B8F78484C3FA (p2, c1, k60).
1747437038: Client auto-B4482CC1-AAC3-716D-6A34-B8F78484C3FA disconnected.
1747437069: New connection from ::1:44960 on port 1883.
1747437069: New client connected from ::1:44960 as auto-F53253E4-E33C-9501-3101-0BD122F6A7BB (p2, c1, k60).
1747437069: Client auto-F53253E4-E33C-9501-3101-0BD122F6A7BB disconnected.
1747437100: New connection from ::1:36950 on port 1883.
1747437100: New client connected from ::1:36950 as auto-27EA9832-66A6-4752-19ED-6E730CE978CF (p2, c1, k60).
1747437100: Client auto-27EA9832-66A6-4752-19ED-6E730CE978CF disconnected.
1747437131: New connection from ::1:48456 on port 1883.
1747437131: New client connected from ::1:48456 as auto-068281CF-CE4B-4201-F4AA-F4F9451ED426 (p2, c1, k60).
1747437131: Client auto-068281CF-CE4B-4201-F4AA-F4F9451ED426 disconnected.
1747437162: New connection from ::1:37086 on port 1883.
1747437162: New client connected from ::1:37086 as auto-E104E73F-5187-98AF-2DC7-458DA4190E76 (p2, c1, k60).
1747437162: Client auto-E104E73F-5187-98AF-2DC7-458DA4190E76 disconnected.
1747437176: Client mqtt-nextjs-9b3e24 closed its connection.
1747437177: New client connected from ::ffff:172.23.0.1:53564 as mqttjs_e6a876d9 (p2, c1, k60).
1747437192: Client mqttjs_e6a876d9 closed its connection.
1747437194: New client connected from ::ffff:172.23.0.1:57014 as mqttjs_703ff1ed (p2, c1, k60).
1747437195: New connection from ::1:48390 on port 1883.
1747437195: New client connected from ::1:48390 as auto-1D47C40D-D6FF-8F3A-3051-974B844E362F (p2, c1, k60).
1747437195: Client auto-1D47C40D-D6FF-8F3A-3051-974B844E362F disconnected.
1747437226: New connection from ::1:39230 on port 1883.
1747437226: New client connected from ::1:39230 as auto-C4CABEDC-2D30-6E4C-FDE1-1C8A24F79284 (p2, c1, k60).
1747437226: Client auto-C4CABEDC-2D30-6E4C-FDE1-1C8A24F79284 disconnected.
1747437248: Client mqttjs_703ff1ed disconnected.
1747437257: New connection from ::1:52462 on port 1883.
1747437257: New client connected from ::1:52462 as auto-4A9E2E45-5D61-48B0-83A6-15B8148B39E1 (p2, c1, k60).
1747437257: Client auto-4A9E2E45-5D61-48B0-83A6-15B8148B39E1 disconnected.
1747437288: New connection from ::1:39660 on port 1883.
1747437288: New client connected from ::1:39660 as auto-F067673B-F2BD-CD7F-08AE-9603D25CDB22 (p2, c1, k60).
1747437288: Client auto-F067673B-F2BD-CD7F-08AE-9603D25CDB22 disconnected.
1747437319: New connection from ::1:47954 on port 1883.
1747437319: New client connected from ::1:47954 as auto-2FCF031D-492F-1952-0892-486C05C0A186 (p2, c1, k60).
1747437319: Client auto-2FCF031D-492F-1952-0892-486C05C0A186 disconnected.
1747437351: New connection from ::1:55744 on port 1883.
1747437351: New client connected from ::1:55744 as auto-86300403-9F01-6F75-65B7-79526A4F8744 (p2, c1, k60).
1747437351: Client auto-86300403-9F01-6F75-65B7-79526A4F8744 disconnected.
1747437368: New client connected from ::ffff:172.23.0.1:48612 as mqttjs_0c7449b0 (p2, c1, k60).
1747437382: New connection from ::1:42932 on port 1883.
1747437382: New client connected from ::1:42932 as auto-0C2CF570-E400-D6A2-14D2-FFD8C75187AC (p2, c1, k60).
1747437382: Client auto-0C2CF570-E400-D6A2-14D2-FFD8C75187AC disconnected.
1747437414: New connection from ::1:56184 on port 1883.
1747437414: New client connected from ::1:56184 as auto-ADD60E87-BB77-B1AD-8B64-3572F220F2C1 (p2, c1, k60).
1747437414: Client auto-ADD60E87-BB77-B1AD-8B64-3572F220F2C1 disconnected.
1747437447: New connection from ::1:38940 on port 1883.
1747437447: New client connected from ::1:38940 as auto-79532682-6441-417F-3102-FCA924EA1255 (p2, c1, k60).
1747437447: Client auto-79532682-6441-417F-3102-FCA924EA1255 disconnected.
1747437479: New connection from ::1:60124 on port 1883.
1747437479: New client connected from ::1:60124 as auto-9B8FC7D8-CD61-118F-606A-4791132EFD80 (p2, c1, k60).
1747437479: Client auto-9B8FC7D8-CD61-118F-606A-4791132EFD80 disconnected.
1747437510: New connection from ::1:33830 on port 1883.
1747437510: New client connected from ::1:33830 as auto-4F5A0503-A71F-B315-A04A-F08357F7A745 (p2, c1, k60).
1747437510: Client auto-4F5A0503-A71F-B315-A04A-F08357F7A745 disconnected.
1747437541: New connection from ::1:57646 on port 1883.
1747437541: New client connected from ::1:57646 as auto-264D671B-FD6D-D1D9-3C39-8905F7DB522C (p2, c1, k60).
1747437541: Client auto-264D671B-FD6D-D1D9-3C39-8905F7DB522C disconnected.
1747437572: New connection from ::1:56620 on port 1883.
1747437572: New client connected from ::1:56620 as auto-8D692F37-D11D-4027-3012-7326A6BCCF8C (p2, c1, k60).
1747437572: Client auto-8D692F37-D11D-4027-3012-7326A6BCCF8C disconnected.
1747437603: New connection from ::1:42784 on port 1883.
1747437603: New client connected from ::1:42784 as auto-60307475-6B97-D1F6-2599-D3D3199B3357 (p2, c1, k60).
1747437603: Client auto-60307475-6B97-D1F6-2599-D3D3199B3357 disconnected.
1747437634: New connection from ::1:57398 on port 1883.
1747437634: New client connected from ::1:57398 as auto-1C65D943-2AA6-0016-775C-D44BDC1EFB4F (p2, c1, k60).
1747437634: Client auto-1C65D943-2AA6-0016-775C-D44BDC1EFB4F disconnected.
1747437667: New connection from ::1:58676 on port 1883.
1747437667: New client connected from ::1:58676 as auto-0E9A2D05-0656-FE6A-BC35-CA44D7F85691 (p2, c1, k60).
1747437667: Client auto-0E9A2D05-0656-FE6A-BC35-CA44D7F85691 disconnected.
1747437698: New connection from ::1:48174 on port 1883.
1747437698: New client connected from ::1:48174 as auto-7FE52EE3-1583-8A3D-06E5-BC1A838D2E8A (p2, c1, k60).
1747437698: Client auto-7FE52EE3-1583-8A3D-06E5-BC1A838D2E8A disconnected.
1747437729: New connection from ::1:45512 on port 1883.
1747437729: New client connected from ::1:45512 as auto-CCECC576-D401-3A85-2BEB-53EA95D7D331 (p2, c1, k60).
1747437729: Client auto-CCECC576-D401-3A85-2BEB-53EA95D7D331 disconnected.
1747437760: New connection from ::1:47374 on port 1883.
1747437760: New client connected from ::1:47374 as auto-5B81FB67-B760-4E81-9552-4B6A7C9E385D (p2, c1, k60).
1747437760: Client auto-5B81FB67-B760-4E81-9552-4B6A7C9E385D disconnected.
1747437791: New connection from ::1:43948 on port 1883.
1747437791: New client connected from ::1:43948 as auto-67677ABE-3E25-8DE6-5E1F-E493FD75DF14 (p2, c1, k60).
1747437791: Client auto-67677ABE-3E25-8DE6-5E1F-E493FD75DF14 disconnected.
1747437822: New connection from ::1:57148 on port 1883.
1747437822: New client connected from ::1:57148 as auto-536B4F99-3168-74CA-BB8B-8B856926ACF1 (p2, c1, k60).
1747437822: Client auto-536B4F99-3168-74CA-BB8B-8B856926ACF1 disconnected.
1747437853: New connection from ::1:34550 on port 1883.
1747437853: New client connected from ::1:34550 as auto-8CDFEDE4-0A52-DE25-B901-DD238BD46701 (p2, c1, k60).
1747437853: Client auto-8CDFEDE4-0A52-DE25-B901-DD238BD46701 disconnected.
1747437884: New connection from ::1:48942 on port 1883.
1747437884: New client connected from ::1:48942 as auto-378B72FE-8CAB-3BF4-9F84-E6D2528F0A8A (p2, c1, k60).
1747437884: Client auto-378B72FE-8CAB-3BF4-9F84-E6D2528F0A8A disconnected.
1747437915: New connection from ::1:51088 on port 1883.
1747437915: New client connected from ::1:51088 as auto-8531B24C-DE5E-A276-A3A4-ED96CC275A8A (p2, c1, k60).
1747437915: Client auto-8531B24C-DE5E-A276-A3A4-ED96CC275A8A disconnected.
1747437947: New connection from ::1:51210 on port 1883.
1747437947: New client connected from ::1:51210 as auto-103AFD24-E143-37BA-23B4-19121AF219C0 (p2, c1, k60).
1747437947: Client auto-103AFD24-E143-37BA-23B4-19121AF219C0 disconnected.
1747437978: New connection from ::1:38146 on port 1883.
1747437978: New client connected from ::1:38146 as auto-5B71085C-E660-7A57-2E27-47EC25839FA1 (p2, c1, k60).
1747437978: Client auto-5B71085C-E660-7A57-2E27-47EC25839FA1 disconnected.
1747438009: New connection from ::1:43066 on port 1883.
1747438009: New client connected from ::1:43066 as auto-1C9BAC57-CC94-1EE8-2A63-18353E3ADA3D (p2, c1, k60).
1747438009: Client auto-1C9BAC57-CC94-1EE8-2A63-18353E3ADA3D disconnected.
1747438040: New connection from ::1:38964 on port 1883.
1747438040: New client connected from ::1:38964 as auto-5B5EF38B-DB31-2306-DECE-6DC46D53B9EA (p2, c1, k60).
1747438040: Client auto-5B5EF38B-DB31-2306-DECE-6DC46D53B9EA disconnected.
1747438071: New connection from ::1:37796 on port 1883.
1747438071: New client connected from ::1:37796 as auto-D146E48C-6A36-A7C1-C418-C912B0F810CB (p2, c1, k60).
1747438071: Client auto-D146E48C-6A36-A7C1-C418-C912B0F810CB disconnected.
1747438102: New connection from ::1:52266 on port 1883.
1747438102: New client connected from ::1:52266 as auto-0F2ABA85-10F5-E430-F96E-E37B5E90345A (p2, c1, k60).
1747438102: Client auto-0F2ABA85-10F5-E430-F96E-E37B5E90345A disconnected.
1747438133: New connection from ::1:49734 on port 1883.
1747438133: New client connected from ::1:49734 as auto-2C40B4BF-25D3-800F-A489-2F21C1DE542E (p2, c1, k60).
1747438133: Client auto-2C40B4BF-25D3-800F-A489-2F21C1DE542E disconnected.
1747438164: New connection from ::1:57606 on port 1883.
1747438164: New client connected from ::1:57606 as auto-232E413C-78B8-D223-BCC7-8E57AC268C4B (p2, c1, k60).
1747438164: Client auto-232E413C-78B8-D223-BCC7-8E57AC268C4B disconnected.
1747438195: New connection from ::1:38850 on port 1883.
1747438195: New client connected from ::1:38850 as auto-8F304080-7C25-A065-57B9-8679365304C2 (p2, c1, k60).
1747438195: Client auto-8F304080-7C25-A065-57B9-8679365304C2 disconnected.
1747438226: New connection from ::1:50532 on port 1883.
1747438226: New client connected from ::1:50532 as auto-413893B9-071F-493D-BF36-9571577D1DF9 (p2, c1, k60).
1747438226: Client auto-413893B9-071F-493D-BF36-9571577D1DF9 disconnected.
1747438257: New connection from ::1:36982 on port 1883.
1747438257: New client connected from ::1:36982 as auto-6EBB8474-AE1B-18D5-7BB2-87CDB82D0E4E (p2, c1, k60).
1747438257: Client auto-6EBB8474-AE1B-18D5-7BB2-87CDB82D0E4E disconnected.
1747438278: Client mqttjs_1d43d5ef closed its connection.
1747438278: Client mqttjs_0c7449b0 closed its connection.
1747438288: New connection from ::1:38342 on port 1883.
1747438288: New client connected from ::1:38342 as auto-A1AEC943-1B64-B0A3-BC30-86664F0590AB (p2, c1, k60).
1747438288: Client auto-A1AEC943-1B64-B0A3-BC30-86664F0590AB disconnected.
1747438319: New connection from ::1:53190 on port 1883.
1747438319: New client connected from ::1:53190 as auto-1B9F4B19-0C58-2578-3C7B-F9E9DA86D8A1 (p2, c1, k60).
1747438319: Client auto-1B9F4B19-0C58-2578-3C7B-F9E9DA86D8A1 disconnected.
1747438351: New connection from ::1:55104 on port 1883.
1747438352: New client connected from ::1:55104 as auto-DCCDEDC9-3361-2E8F-85BA-3B9543D10F91 (p2, c1, k60).
1747438352: Client auto-DCCDEDC9-3361-2E8F-85BA-3B9543D10F91 disconnected.
1747438379: mosquitto version 2.0.21 terminating
1747474349: mosquitto version 2.0.21 starting
1747474349: Config loaded from /config/mosquitto.conf.
1747474349: Opening ipv4 listen socket on port 1883.
1747474349: Opening ipv6 listen socket on port 1883.
1747474349: Opening websockets listen socket on port 9001.
1747474349: mosquitto version 2.0.21 running
1747474379: New connection from ::1:45738 on port 1883.
1747474379: New client connected from ::1:45738 as auto-AB5690CC-2166-02EC-8176-11F0B3570983 (p2, c1, k60).
1747474379: Client auto-AB5690CC-2166-02EC-8176-11F0B3570983 disconnected.
1747474410: New connection from ::1:46902 on port 1883.
1747474410: New client connected from ::1:46902 as auto-042A778B-17DC-622B-14FB-B939AD83F0CE (p2, c1, k60).
1747474410: Client auto-042A778B-17DC-622B-14FB-B939AD83F0CE disconnected.
1747474440: New connection from ::1:44174 on port 1883.
1747474440: New client connected from ::1:44174 as auto-8979EE75-2FD4-4046-9B12-2D6A6E324AF9 (p2, c1, k60).
1747474440: Client auto-8979EE75-2FD4-4046-9B12-2D6A6E324AF9 disconnected.
1747474470: New connection from ::1:36698 on port 1883.
1747474470: New client connected from ::1:36698 as auto-852F0B7F-7BFA-79C9-AAB1-255072435253 (p2, c1, k60).
1747474470: Client auto-852F0B7F-7BFA-79C9-AAB1-255072435253 disconnected.
1747474500: New connection from ::1:51796 on port 1883.
1747474500: New client connected from ::1:51796 as auto-4E01DFE4-EAFE-2291-35A0-7C11023D87D6 (p2, c1, k60).
1747474500: Client auto-4E01DFE4-EAFE-2291-35A0-7C11023D87D6 disconnected.
1747474530: New connection from ::1:53074 on port 1883.
1747474530: New client connected from ::1:53074 as auto-0AFF60C9-F3E2-5BFD-EBA5-BDFB7BA2EE74 (p2, c1, k60).
1747474530: Client auto-0AFF60C9-F3E2-5BFD-EBA5-BDFB7BA2EE74 disconnected.
1747474560: New connection from ::1:54012 on port 1883.
1747474560: New client connected from ::1:54012 as auto-5A497C2C-2CC6-84FA-DBAE-F065E2EDF813 (p2, c1, k60).
1747474560: Client auto-5A497C2C-2CC6-84FA-DBAE-F065E2EDF813 disconnected.
1747474590: New connection from ::1:42256 on port 1883.
1747474590: New client connected from ::1:42256 as auto-337E5E69-0BFD-2F90-06E7-305456B484E5 (p2, c1, k60).
1747474590: Client auto-337E5E69-0BFD-2F90-06E7-305456B484E5 disconnected.
1747474621: New connection from ::1:51306 on port 1883.
1747474621: New client connected from ::1:51306 as auto-40F99CF4-8B1A-C07E-0D60-72971F00D8DE (p2, c1, k60).
1747474621: Client auto-40F99CF4-8B1A-C07E-0D60-72971F00D8DE disconnected.
1747474651: New connection from ::1:42730 on port 1883.
1747474651: New client connected from ::1:42730 as auto-B8407285-841C-B0A0-BE3B-97D57DD7E787 (p2, c1, k60).
1747474651: Client auto-B8407285-841C-B0A0-BE3B-97D57DD7E787 disconnected.
1747474681: New connection from ::1:39390 on port 1883.
1747474681: New client connected from ::1:39390 as auto-32659ABA-3CD7-037F-979D-F24DFCB89210 (p2, c1, k60).
1747474681: Client auto-32659ABA-3CD7-037F-979D-F24DFCB89210 disconnected.
1747474712: New connection from ::1:53860 on port 1883.
1747474712: New client connected from ::1:53860 as auto-22C5E4A1-A44B-9471-6B1A-E6536A2F2105 (p2, c1, k60).
1747474712: Client auto-22C5E4A1-A44B-9471-6B1A-E6536A2F2105 disconnected.
1747474742: New connection from ::1:34244 on port 1883.
1747474742: New client connected from ::1:34244 as auto-206BAC80-76D2-CACB-251E-1425A4A3D605 (p2, c1, k60).
1747474742: Client auto-206BAC80-76D2-CACB-251E-1425A4A3D605 disconnected.
1747474772: New connection from ::1:55222 on port 1883.
1747474772: New client connected from ::1:55222 as auto-4851301C-DBBF-2BC2-F0A9-C85E21EB39CF (p2, c1, k60).
1747474772: Client auto-4851301C-DBBF-2BC2-F0A9-C85E21EB39CF disconnected.
1747474802: New connection from ::1:54616 on port 1883.
1747474802: New client connected from ::1:54616 as auto-BA19826E-3CB6-2940-7C73-E86629BDF984 (p2, c1, k60).
1747474802: Client auto-BA19826E-3CB6-2940-7C73-E86629BDF984 disconnected.
1747474832: New connection from ::1:52490 on port 1883.
1747474832: New client connected from ::1:52490 as auto-FA5BD8F3-0A66-5AC8-4BF4-0FD48DCEF9DF (p2, c1, k60).
1747474832: Client auto-FA5BD8F3-0A66-5AC8-4BF4-0FD48DCEF9DF disconnected.
1747474862: New connection from ::1:39332 on port 1883.
1747474862: New client connected from ::1:39332 as auto-7A608F33-CCBE-588D-5625-780F255CF27A (p2, c1, k60).
1747474862: Client auto-7A608F33-CCBE-588D-5625-780F255CF27A disconnected.
1747474893: New connection from ::1:36168 on port 1883.
1747474893: New client connected from ::1:36168 as auto-43FEC67C-C137-4B7D-C0AA-3230FD5350ED (p2, c1, k60).
1747474893: Client auto-43FEC67C-C137-4B7D-C0AA-3230FD5350ED disconnected.
1747474923: New connection from ::1:54590 on port 1883.
1747474923: New client connected from ::1:54590 as auto-18734127-BF26-FB30-C26C-5E685EE18751 (p2, c1, k60).
1747474923: Client auto-18734127-BF26-FB30-C26C-5E685EE18751 disconnected.
1747474953: New connection from ::1:45868 on port 1883.
1747474953: New client connected from ::1:45868 as auto-88AE39A1-F2D0-61CD-2046-EE9113385EEC (p2, c1, k60).
1747474953: Client auto-88AE39A1-F2D0-61CD-2046-EE9113385EEC disconnected.
1747474983: New connection from ::1:33578 on port 1883.
1747474983: New client connected from ::1:33578 as auto-4EB59156-5DAC-98E7-A46D-D3CA64B20D82 (p2, c1, k60).
1747474983: Client auto-4EB59156-5DAC-98E7-A46D-D3CA64B20D82 disconnected.
1747475014: New connection from ::1:51450 on port 1883.
1747475014: New client connected from ::1:51450 as auto-CF328481-E391-E285-1357-10447C6BC7F9 (p2, c1, k60).
1747475014: Client auto-CF328481-E391-E285-1357-10447C6BC7F9 disconnected.
1747475044: New connection from ::1:58852 on port 1883.
1747475044: New client connected from ::1:58852 as auto-83D97871-5D53-00CE-0D1A-37E78613180F (p2, c1, k60).
1747475044: Client auto-83D97871-5D53-00CE-0D1A-37E78613180F disconnected.
1747475074: New connection from ::1:42100 on port 1883.
1747475074: New client connected from ::1:42100 as auto-013E1664-FD38-4F3B-469C-B02D124C9B9F (p2, c1, k60).
1747475074: Client auto-013E1664-FD38-4F3B-469C-B02D124C9B9F disconnected.
1747475104: New connection from ::1:54670 on port 1883.
1747475104: New client connected from ::1:54670 as auto-4500D77F-1632-9594-5837-E2D109E18E2B (p2, c1, k60).
1747475104: Client auto-4500D77F-1632-9594-5837-E2D109E18E2B disconnected.
1747475134: New connection from ::1:35318 on port 1883.
1747475134: New client connected from ::1:35318 as auto-8B366B0E-D683-A23E-6929-E8B81C424F1C (p2, c1, k60).
1747475134: Client auto-8B366B0E-D683-A23E-6929-E8B81C424F1C disconnected.
1747475165: New connection from ::1:57962 on port 1883.
1747475165: New client connected from ::1:57962 as auto-AF496827-C86A-2F30-EB39-C132DA2FC388 (p2, c1, k60).
1747475165: Client auto-AF496827-C86A-2F30-EB39-C132DA2FC388 disconnected.
1747475195: New connection from ::1:58338 on port 1883.
1747475195: New client connected from ::1:58338 as auto-62642B92-F0B5-D537-9B81-5D93F8AD94D8 (p2, c1, k60).
1747475195: Client auto-62642B92-F0B5-D537-9B81-5D93F8AD94D8 disconnected.
1747475225: New connection from ::1:46402 on port 1883.
1747475225: New client connected from ::1:46402 as auto-01D2E0C0-61FF-7C05-1ADC-6AAAC2B25322 (p2, c1, k60).
1747475225: Client auto-01D2E0C0-61FF-7C05-1ADC-6AAAC2B25322 disconnected.
1747475256: New connection from ::1:58284 on port 1883.
1747475256: New client connected from ::1:58284 as auto-9B0C99B7-2ABF-1726-783A-9E0F965061F0 (p2, c1, k60).
1747475256: Client auto-9B0C99B7-2ABF-1726-783A-9E0F965061F0 disconnected.
1747475286: New connection from ::1:57752 on port 1883.
1747475286: New client connected from ::1:57752 as auto-9EDFF3E4-9ACA-FDD7-EC9E-53538CA04A88 (p2, c1, k60).
1747475286: Client auto-9EDFF3E4-9ACA-FDD7-EC9E-53538CA04A88 disconnected.
1747475316: New connection from ::1:55564 on port 1883.
1747475316: New client connected from ::1:55564 as auto-F87596D3-6805-95C5-740D-3F0469F34FBB (p2, c1, k60).
1747475316: Client auto-F87596D3-6805-95C5-740D-3F0469F34FBB disconnected.
1747475347: New connection from ::1:45458 on port 1883.
1747475347: New client connected from ::1:45458 as auto-4D80E40B-513F-7E20-718A-ACA13DBF8CAA (p2, c1, k60).
1747475347: Client auto-4D80E40B-513F-7E20-718A-ACA13DBF8CAA disconnected.
1747475377: New connection from ::1:38510 on port 1883.
1747475377: New client connected from ::1:38510 as auto-A751E252-45E5-871D-23A3-602336D4A9BE (p2, c1, k60).
1747475377: Client auto-A751E252-45E5-871D-23A3-602336D4A9BE disconnected.
1747475407: New connection from ::1:55192 on port 1883.
1747475407: New client connected from ::1:55192 as auto-D4F7E75C-4A9E-189A-C4E7-69684E97CCB3 (p2, c1, k60).
1747475407: Client auto-D4F7E75C-4A9E-189A-C4E7-69684E97CCB3 disconnected.
1747475437: New connection from ::1:35698 on port 1883.
1747475437: New client connected from ::1:35698 as auto-209788B5-8D78-2864-A284-0226383D5657 (p2, c1, k60).
1747475437: Client auto-209788B5-8D78-2864-A284-0226383D5657 disconnected.
1747475467: New connection from ::1:48942 on port 1883.
1747475467: New client connected from ::1:48942 as auto-1BAA926E-FD0E-C0D9-3820-DCE1D53FB869 (p2, c1, k60).
1747475467: Client auto-1BAA926E-FD0E-C0D9-3820-DCE1D53FB869 disconnected.
1747475497: New connection from ::1:48356 on port 1883.
1747475497: New client connected from ::1:48356 as auto-C0EF50A4-BA65-F395-6948-A0328A7224A0 (p2, c1, k60).
1747475497: Client auto-C0EF50A4-BA65-F395-6948-A0328A7224A0 disconnected.
1747475528: New connection from ::1:47050 on port 1883.
1747475528: New client connected from ::1:47050 as auto-5083854C-5004-770F-40FF-C5F4970A7164 (p2, c1, k60).
1747475528: Client auto-5083854C-5004-770F-40FF-C5F4970A7164 disconnected.
1747475558: New connection from ::1:41798 on port 1883.
1747475558: New client connected from ::1:41798 as auto-94C80564-0B46-20AF-BB0C-C0A1F1A3E9A8 (p2, c1, k60).
1747475558: Client auto-94C80564-0B46-20AF-BB0C-C0A1F1A3E9A8 disconnected.
1747475588: New connection from ::1:40402 on port 1883.
1747475588: New client connected from ::1:40402 as auto-C3167201-8611-2830-BC61-0FC107AD6855 (p2, c1, k60).
1747475588: Client auto-C3167201-8611-2830-BC61-0FC107AD6855 disconnected.
1747475618: New connection from ::1:50466 on port 1883.
1747475618: New client connected from ::1:50466 as auto-267AEF50-D3BC-33CD-0C71-8E4EB8B1EAA0 (p2, c1, k60).
1747475618: Client auto-267AEF50-D3BC-33CD-0C71-8E4EB8B1EAA0 disconnected.
1747475648: New connection from ::1:55834 on port 1883.
1747475648: New client connected from ::1:55834 as auto-0AFA8F6C-98D4-BA6C-1640-146771C3DB17 (p2, c1, k60).
1747475648: Client auto-0AFA8F6C-98D4-BA6C-1640-146771C3DB17 disconnected.
1747475678: New connection from ::1:44692 on port 1883.
1747475678: New client connected from ::1:44692 as auto-039DA353-4DD8-9B31-246E-0C1476A4A695 (p2, c1, k60).
1747475678: Client auto-039DA353-4DD8-9B31-246E-0C1476A4A695 disconnected.
1747475709: New connection from ::1:57480 on port 1883.
1747475709: New client connected from ::1:57480 as auto-46881822-9479-B6D9-B5F3-E3083CE3902B (p2, c1, k60).
1747475709: Client auto-46881822-9479-B6D9-B5F3-E3083CE3902B disconnected.
1747475739: New connection from ::1:39622 on port 1883.
1747475739: New client connected from ::1:39622 as auto-E4A96ADD-905E-01B0-D49D-5A69419ED74F (p2, c1, k60).
1747475739: Client auto-E4A96ADD-905E-01B0-D49D-5A69419ED74F disconnected.
1747475769: New connection from ::1:60522 on port 1883.
1747475769: New client connected from ::1:60522 as auto-4C452CFD-A970-5D03-D447-BE62672CCEB5 (p2, c1, k60).
1747475769: Client auto-4C452CFD-A970-5D03-D447-BE62672CCEB5 disconnected.
1747475800: New connection from ::1:35910 on port 1883.
1747475800: New client connected from ::1:35910 as auto-0626D118-7500-6FC3-634C-3144A38CAD0C (p2, c1, k60).
1747475800: Client auto-0626D118-7500-6FC3-634C-3144A38CAD0C disconnected.
1747475830: New connection from ::1:57240 on port 1883.
1747475830: New client connected from ::1:57240 as auto-3805E01C-ECF7-1FC1-22D7-FF5F352D865C (p2, c1, k60).
1747475830: Client auto-3805E01C-ECF7-1FC1-22D7-FF5F352D865C disconnected.
1747475860: New connection from ::1:48194 on port 1883.
1747475860: New client connected from ::1:48194 as auto-C6BF3C7A-975C-14E4-31C8-283D38B4E464 (p2, c1, k60).
1747475860: Client auto-C6BF3C7A-975C-14E4-31C8-283D38B4E464 disconnected.
1747475891: New connection from ::1:57510 on port 1883.
1747475891: New client connected from ::1:57510 as auto-A86BC66B-D45E-FF6D-766A-255ECE62A5E2 (p2, c1, k60).
1747475891: Client auto-A86BC66B-D45E-FF6D-766A-255ECE62A5E2 disconnected.
1747475921: New connection from ::1:54262 on port 1883.
1747475921: New client connected from ::1:54262 as auto-1CAFF336-2136-3E9A-7B9B-30FB3A1B41BA (p2, c1, k60).
1747475921: Client auto-1CAFF336-2136-3E9A-7B9B-30FB3A1B41BA disconnected.
1747475951: New connection from ::1:46124 on port 1883.
1747475951: New client connected from ::1:46124 as auto-37DD2A40-CE3A-6C6E-1A77-0699542EC4B3 (p2, c1, k60).
1747475951: Client auto-37DD2A40-CE3A-6C6E-1A77-0699542EC4B3 disconnected.
1747475982: New connection from ::1:59234 on port 1883.
1747475982: New client connected from ::1:59234 as auto-476FCC77-C2A1-DEAA-8D39-D41A718AAD69 (p2, c1, k60).
1747475982: Client auto-476FCC77-C2A1-DEAA-8D39-D41A718AAD69 disconnected.
1747476012: New connection from ::1:51722 on port 1883.
1747476012: New client connected from ::1:51722 as auto-D7DE1F7A-86CF-5234-02AD-CA93A39B5A26 (p2, c1, k60).
1747476012: Client auto-D7DE1F7A-86CF-5234-02AD-CA93A39B5A26 disconnected.
1747476043: New connection from ::1:46610 on port 1883.
1747476043: New client connected from ::1:46610 as auto-14AF0BFA-491A-F579-5EA4-F569C5112A2E (p2, c1, k60).
1747476043: Client auto-14AF0BFA-491A-F579-5EA4-F569C5112A2E disconnected.
1747476073: New connection from ::1:45942 on port 1883.
1747476073: New client connected from ::1:45942 as auto-7ECBF450-4402-8D38-0F2C-19FDC431B802 (p2, c1, k60).
1747476073: Client auto-7ECBF450-4402-8D38-0F2C-19FDC431B802 disconnected.
1747476104: New connection from ::1:40090 on port 1883.
1747476104: New client connected from ::1:40090 as auto-F56C574D-520F-6C24-EC67-B35B1A34ADF1 (p2, c1, k60).
1747476104: Client auto-F56C574D-520F-6C24-EC67-B35B1A34ADF1 disconnected.
1747476134: New connection from ::1:38308 on port 1883.
1747476134: New client connected from ::1:38308 as auto-F3994E72-6E73-D93E-D5CA-24B3697276DD (p2, c1, k60).
1747476134: Client auto-F3994E72-6E73-D93E-D5CA-24B3697276DD disconnected.
1747476165: New connection from ::1:32982 on port 1883.
1747476165: New client connected from ::1:32982 as auto-161A22F4-DA40-3C7B-81D9-BA4622732997 (p2, c1, k60).
1747476165: Client auto-161A22F4-DA40-3C7B-81D9-BA4622732997 disconnected.
1747476195: New connection from ::1:37960 on port 1883.
1747476195: New client connected from ::1:37960 as auto-23DA1CFB-934B-64D5-7762-750AB9F474D5 (p2, c1, k60).
1747476195: Client auto-23DA1CFB-934B-64D5-7762-750AB9F474D5 disconnected.
1747476225: New connection from ::1:37912 on port 1883.
1747476225: New client connected from ::1:37912 as auto-D9EA4014-6F5D-73E2-0C0B-6050FB240387 (p2, c1, k60).
1747476225: Client auto-D9EA4014-6F5D-73E2-0C0B-6050FB240387 disconnected.
1747476255: New connection from ::1:58082 on port 1883.
1747476255: New client connected from ::1:58082 as auto-8D970AF0-98B5-DF2F-AE3D-61A68513FB9A (p2, c1, k60).
1747476255: Client auto-8D970AF0-98B5-DF2F-AE3D-61A68513FB9A disconnected.
1747476285: New connection from ::1:45606 on port 1883.
1747476285: New client connected from ::1:45606 as auto-7B2653B6-76E3-B547-D3F9-DA67200B7A4F (p2, c1, k60).
1747476285: Client auto-7B2653B6-76E3-B547-D3F9-DA67200B7A4F disconnected.
1747476316: New connection from ::1:37688 on port 1883.
1747476316: New client connected from ::1:37688 as auto-A1428E2C-D60C-90DB-95F0-164C3D3219BD (p2, c1, k60).
1747476316: Client auto-A1428E2C-D60C-90DB-95F0-164C3D3219BD disconnected.
1747476347: New connection from ::1:42622 on port 1883.
1747476347: New client connected from ::1:42622 as auto-7F8CFBCD-207C-5B30-01D0-9C9EB9E45EC0 (p2, c1, k60).
1747476347: Client auto-7F8CFBCD-207C-5B30-01D0-9C9EB9E45EC0 disconnected.
1747476377: New connection from ::1:40876 on port 1883.
1747476377: New client connected from ::1:40876 as auto-32345908-487E-0CE8-FCEB-98C35A790B79 (p2, c1, k60).
1747476377: Client auto-32345908-487E-0CE8-FCEB-98C35A790B79 disconnected.
1747476407: New connection from ::1:38806 on port 1883.
1747476407: New client connected from ::1:38806 as auto-887F196F-6134-1B16-E856-26971C5CEAF9 (p2, c1, k60).
1747476407: Client auto-887F196F-6134-1B16-E856-26971C5CEAF9 disconnected.
1747476437: New connection from ::1:40852 on port 1883.
1747476437: New client connected from ::1:40852 as auto-589ADA98-7BA9-2A54-6A6C-93B215A51435 (p2, c1, k60).
1747476437: Client auto-589ADA98-7BA9-2A54-6A6C-93B215A51435 disconnected.
1747476467: New connection from ::1:44492 on port 1883.
1747476467: New client connected from ::1:44492 as auto-BF7501BE-A9DD-4E4B-F723-CA71FAB63CDC (p2, c1, k60).
1747476467: Client auto-BF7501BE-A9DD-4E4B-F723-CA71FAB63CDC disconnected.
1747476498: New connection from ::1:33268 on port 1883.
1747476498: New client connected from ::1:33268 as auto-07042E91-E703-FECE-B440-3162BBC2EF66 (p2, c1, k60).
1747476498: Client auto-07042E91-E703-FECE-B440-3162BBC2EF66 disconnected.
1747476528: New connection from ::1:57774 on port 1883.
1747476528: New client connected from ::1:57774 as auto-DC98054A-1F7B-C9AF-D3A9-19934C1402D6 (p2, c1, k60).
1747476528: Client auto-DC98054A-1F7B-C9AF-D3A9-19934C1402D6 disconnected.
1747476558: New connection from ::1:37116 on port 1883.
1747476558: New client connected from ::1:37116 as auto-A768D70B-F484-76A6-873C-8A2AE76B892F (p2, c1, k60).
1747476558: Client auto-A768D70B-F484-76A6-873C-8A2AE76B892F disconnected.
1747476588: New connection from ::1:33870 on port 1883.
1747476588: New client connected from ::1:33870 as auto-23A77A3E-3661-2612-D754-2DA2BE9C4EBA (p2, c1, k60).
1747476588: Client auto-23A77A3E-3661-2612-D754-2DA2BE9C4EBA disconnected.
1747476605: mosquitto version 2.0.21 terminating
